The system is: Linux - 5.3.0-45-generic - x86_64
Compiling the C compiler identification source file "CMakeCCompilerId.c" succeeded.
Compiler: /opt/qtcreator-4.9.2/libexec/qtcreator/clang/bin/clang 
Build flags: 
Id flags:  

The output was:
0


Compilation of the C compiler identification source "CMakeCCompilerId.c" produced "a.out"

The C compiler identification is Clang, found in "/home/haiyutan/master-thesis/MonoSLAMAutoCalibration/build/CMakeFiles/3.10.2/CompilerIdC/a.out"

Compiling the CXX compiler identification source file "CMakeCXXCompilerId.cpp" succeeded.
Compiler: /opt/qtcreator-4.9.2/libexec/qtcreator/clang/bin/clang 
Build flags: 
Id flags:  

The output was:
0


Compilation of the CXX compiler identification source "CMakeCXXCompilerId.cpp" produced "a.out"

The CXX compiler identification is Clang, found in "/home/haiyutan/master-thesis/MonoSLAMAutoCalibration/build/CMakeFiles/3.10.2/CompilerIdCXX/a.out"

Determining if the C compiler works passed with the following output:
Change Dir: /home/haiyutan/master-thesis/MonoSLAMAutoCalibration/build/CMakeFiles/CMakeTmp

Run Build Command:"/usr/bin/make" "cmTC_5fc2b/fast"
/usr/bin/make -f CMakeFiles/cmTC_5fc2b.dir/build.make CMakeFiles/cmTC_5fc2b.dir/build
make[1]: 进入目录“/home/haiyutan/master-thesis/MonoSLAMAutoCalibration/build/CMakeFiles/CMakeTmp”
Building C object CMakeFiles/cmTC_5fc2b.dir/testCCompiler.c.o
/opt/qtcreator-4.9.2/libexec/qtcreator/clang/bin/clang    -o CMakeFiles/cmTC_5fc2b.dir/testCCompiler.c.o   -c /home/haiyutan/master-thesis/MonoSLAMAutoCalibration/build/CMakeFiles/CMakeTmp/testCCompiler.c
Linking C executable cmTC_5fc2b
/usr/bin/cmake -E cmake_link_script CMakeFiles/cmTC_5fc2b.dir/link.txt --verbose=1
/opt/qtcreator-4.9.2/libexec/qtcreator/clang/bin/clang      -rdynamic CMakeFiles/cmTC_5fc2b.dir/testCCompiler.c.o  -o cmTC_5fc2b 
make[1]: 离开目录“/home/haiyutan/master-thesis/MonoSLAMAutoCalibration/build/CMakeFiles/CMakeTmp”


Detecting C compiler ABI info compiled with the following output:
Change Dir: /home/haiyutan/master-thesis/MonoSLAMAutoCalibration/build/CMakeFiles/CMakeTmp

Run Build Command:"/usr/bin/make" "cmTC_4fa82/fast"
/usr/bin/make -f CMakeFiles/cmTC_4fa82.dir/build.make CMakeFiles/cmTC_4fa82.dir/build
make[1]: 进入目录“/home/haiyutan/master-thesis/MonoSLAMAutoCalibration/build/CMakeFiles/CMakeTmp”
Building C object CMakeFiles/cmTC_4fa82.dir/CMakeCCompilerABI.c.o
/opt/qtcreator-4.9.2/libexec/qtcreator/clang/bin/clang    -o CMakeFiles/cmTC_4fa82.dir/CMakeCCompilerABI.c.o   -c /usr/share/cmake-3.10/Modules/CMakeCCompilerABI.c
Linking C executable cmTC_4fa82
/usr/bin/cmake -E cmake_link_script CMakeFiles/cmTC_4fa82.dir/link.txt --verbose=1
/opt/qtcreator-4.9.2/libexec/qtcreator/clang/bin/clang     -v -rdynamic CMakeFiles/cmTC_4fa82.dir/CMakeCCompilerABI.c.o  -o cmTC_4fa82 
clang version 7.0.0 (git://code.qt.io/clang/clang.git dba0adcfe0fec308a047cca79b1be0b1436f6fad) (git://code.qt.io/clang/llvm.git 4a75f114122a44cb02dc0511f3d9a7c803983da7)
Target: x86_64-unknown-linux-gnu
Thread model: posix
InstalledDir: /opt/qtcreator-4.9.2/libexec/qtcreator/clang/bin
Found candidate GCC installation: /usr/lib/gcc/i686-linux-gnu/8
Found candidate GCC installation: /usr/lib/gcc/x86_64-linux-gnu/4.8
Found candidate GCC installation: /usr/lib/gcc/x86_64-linux-gnu/4.8.5
Found candidate GCC installation: /usr/lib/gcc/x86_64-linux-gnu/7
Found candidate GCC installation: /usr/lib/gcc/x86_64-linux-gnu/7.5.0
Found candidate GCC installation: /usr/lib/gcc/x86_64-linux-gnu/8
Selected GCC installation: /usr/lib/gcc/x86_64-linux-gnu/7.5.0
Candidate multilib: .;@m64
Selected multilib: .;@m64
Found CUDA installation: /usr/local/cuda, version 9.0
 "/usr/bin/ld" -export-dynamic -z relro --hash-style=gnu --eh-frame-hdr -m elf_x86_64 -export-dynamic -dynamic-linker /lib64/ld-linux-x86-64.so.2 -o cmTC_4fa82 /usr/lib/gcc/x86_64-linux-gnu/7.5.0/../../../x86_64-linux-gnu/crt1.o /usr/lib/gcc/x86_64-linux-gnu/7.5.0/../../../x86_64-linux-gnu/crti.o /usr/lib/gcc/x86_64-linux-gnu/7.5.0/crtbegin.o -L/usr/lib/gcc/x86_64-linux-gnu/7.5.0 -L/usr/lib/gcc/x86_64-linux-gnu/7.5.0/../../../x86_64-linux-gnu -L/lib/x86_64-linux-gnu -L/lib/../lib64 -L/usr/lib/x86_64-linux-gnu -L/usr/lib/gcc/x86_64-linux-gnu/7.5.0/../../.. -L/opt/qtcreator-4.9.2/libexec/qtcreator/clang/bin/../lib -L/lib -L/usr/lib CMakeFiles/cmTC_4fa82.dir/CMakeCCompilerABI.c.o -lgcc --as-needed -lgcc_s --no-as-needed -lc -lgcc --as-needed -lgcc_s --no-as-needed /usr/lib/gcc/x86_64-linux-gnu/7.5.0/crtend.o /usr/lib/gcc/x86_64-linux-gnu/7.5.0/../../../x86_64-linux-gnu/crtn.o
make[1]: 离开目录“/home/haiyutan/master-thesis/MonoSLAMAutoCalibration/build/CMakeFiles/CMakeTmp”


Parsed C implicit link information from above output:
  link line regex: [^( *|.*[/\])(ld|CMAKE_LINK_STARTFILE-NOTFOUND|([^/\]+-)?ld|collect2)[^/\]*( |$)]
  ignore line: [Change Dir: /home/haiyutan/master-thesis/MonoSLAMAutoCalibration/build/CMakeFiles/CMakeTmp]
  ignore line: []
  ignore line: [Run Build Command:"/usr/bin/make" "cmTC_4fa82/fast"]
  ignore line: [/usr/bin/make -f CMakeFiles/cmTC_4fa82.dir/build.make CMakeFiles/cmTC_4fa82.dir/build]
  ignore line: [make[1]: 进入目录“/home/haiyutan/master-thesis/MonoSLAMAutoCalibration/build/CMakeFiles/CMakeTmp”]
  ignore line: [Building C object CMakeFiles/cmTC_4fa82.dir/CMakeCCompilerABI.c.o]
  ignore line: [/opt/qtcreator-4.9.2/libexec/qtcreator/clang/bin/clang    -o CMakeFiles/cmTC_4fa82.dir/CMakeCCompilerABI.c.o   -c /usr/share/cmake-3.10/Modules/CMakeCCompilerABI.c]
  ignore line: [Linking C executable cmTC_4fa82]
  ignore line: [/usr/bin/cmake -E cmake_link_script CMakeFiles/cmTC_4fa82.dir/link.txt --verbose=1]
  ignore line: [/opt/qtcreator-4.9.2/libexec/qtcreator/clang/bin/clang     -v -rdynamic CMakeFiles/cmTC_4fa82.dir/CMakeCCompilerABI.c.o  -o cmTC_4fa82 ]
  ignore line: [clang version 7.0.0 (git://code.qt.io/clang/clang.git dba0adcfe0fec308a047cca79b1be0b1436f6fad) (git://code.qt.io/clang/llvm.git 4a75f114122a44cb02dc0511f3d9a7c803983da7)]
  ignore line: [Target: x86_64-unknown-linux-gnu]
  ignore line: [Thread model: posix]
  ignore line: [InstalledDir: /opt/qtcreator-4.9.2/libexec/qtcreator/clang/bin]
  ignore line: [Found candidate GCC installation: /usr/lib/gcc/i686-linux-gnu/8]
  ignore line: [Found candidate GCC installation: /usr/lib/gcc/x86_64-linux-gnu/4.8]
  ignore line: [Found candidate GCC installation: /usr/lib/gcc/x86_64-linux-gnu/4.8.5]
  ignore line: [Found candidate GCC installation: /usr/lib/gcc/x86_64-linux-gnu/7]
  ignore line: [Found candidate GCC installation: /usr/lib/gcc/x86_64-linux-gnu/7.5.0]
  ignore line: [Found candidate GCC installation: /usr/lib/gcc/x86_64-linux-gnu/8]
  ignore line: [Selected GCC installation: /usr/lib/gcc/x86_64-linux-gnu/7.5.0]
  ignore line: [Candidate multilib: .]
  ignore line: [@m64]
  ignore line: [Selected multilib: .]
  ignore line: [@m64]
  ignore line: [Found CUDA installation: /usr/local/cuda, version 9.0]
  link line: [ "/usr/bin/ld" -export-dynamic -z relro --hash-style=gnu --eh-frame-hdr -m elf_x86_64 -export-dynamic -dynamic-linker /lib64/ld-linux-x86-64.so.2 -o cmTC_4fa82 /usr/lib/gcc/x86_64-linux-gnu/7.5.0/../../../x86_64-linux-gnu/crt1.o /usr/lib/gcc/x86_64-linux-gnu/7.5.0/../../../x86_64-linux-gnu/crti.o /usr/lib/gcc/x86_64-linux-gnu/7.5.0/crtbegin.o -L/usr/lib/gcc/x86_64-linux-gnu/7.5.0 -L/usr/lib/gcc/x86_64-linux-gnu/7.5.0/../../../x86_64-linux-gnu -L/lib/x86_64-linux-gnu -L/lib/../lib64 -L/usr/lib/x86_64-linux-gnu -L/usr/lib/gcc/x86_64-linux-gnu/7.5.0/../../.. -L/opt/qtcreator-4.9.2/libexec/qtcreator/clang/bin/../lib -L/lib -L/usr/lib CMakeFiles/cmTC_4fa82.dir/CMakeCCompilerABI.c.o -lgcc --as-needed -lgcc_s --no-as-needed -lc -lgcc --as-needed -lgcc_s --no-as-needed /usr/lib/gcc/x86_64-linux-gnu/7.5.0/crtend.o /usr/lib/gcc/x86_64-linux-gnu/7.5.0/../../../x86_64-linux-gnu/crtn.o]
    arg [/usr/bin/ld] ==> ignore
    arg [-export-dynamic] ==> ignore
    arg [-zrelro] ==> ignore
    arg [--hash-style=gnu] ==> ignore
    arg [--eh-frame-hdr] ==> ignore
    arg [-m] ==> ignore
    arg [elf_x86_64] ==> ignore
    arg [-export-dynamic] ==> ignore
    arg [-dynamic-linker] ==> ignore
    arg [/lib64/ld-linux-x86-64.so.2] ==> ignore
    arg [-o] ==> ignore
    arg [cmTC_4fa82] ==> ignore
    arg [/usr/lib/gcc/x86_64-linux-gnu/7.5.0/../../../x86_64-linux-gnu/crt1.o] ==> ignore
    arg [/usr/lib/gcc/x86_64-linux-gnu/7.5.0/../../../x86_64-linux-gnu/crti.o] ==> ignore
    arg [/usr/lib/gcc/x86_64-linux-gnu/7.5.0/crtbegin.o] ==> ignore
    arg [-L/usr/lib/gcc/x86_64-linux-gnu/7.5.0] ==> dir [/usr/lib/gcc/x86_64-linux-gnu/7.5.0]
    arg [-L/usr/lib/gcc/x86_64-linux-gnu/7.5.0/../../../x86_64-linux-gnu] ==> dir [/usr/lib/gcc/x86_64-linux-gnu/7.5.0/../../../x86_64-linux-gnu]
    arg [-L/lib/x86_64-linux-gnu] ==> dir [/lib/x86_64-linux-gnu]
    arg [-L/lib/../lib64] ==> dir [/lib/../lib64]
    arg [-L/usr/lib/x86_64-linux-gnu] ==> dir [/usr/lib/x86_64-linux-gnu]
    arg [-L/usr/lib/gcc/x86_64-linux-gnu/7.5.0/../../..] ==> dir [/usr/lib/gcc/x86_64-linux-gnu/7.5.0/../../..]
    arg [-L/opt/qtcreator-4.9.2/libexec/qtcreator/clang/bin/../lib] ==> dir [/opt/qtcreator-4.9.2/libexec/qtcreator/clang/bin/../lib]
    arg [-L/lib] ==> dir [/lib]
    arg [-L/usr/lib] ==> dir [/usr/lib]
    arg [CMakeFiles/cmTC_4fa82.dir/CMakeCCompilerABI.c.o] ==> ignore
    arg [-lgcc] ==> lib [gcc]
    arg [--as-needed] ==> ignore
    arg [-lgcc_s] ==> lib [gcc_s]
    arg [--no-as-needed] ==> ignore
    arg [-lc] ==> lib [c]
    arg [-lgcc] ==> lib [gcc]
    arg [--as-needed] ==> ignore
    arg [-lgcc_s] ==> lib [gcc_s]
    arg [--no-as-needed] ==> ignore
    arg [/usr/lib/gcc/x86_64-linux-gnu/7.5.0/crtend.o] ==> ignore
    arg [/usr/lib/gcc/x86_64-linux-gnu/7.5.0/../../../x86_64-linux-gnu/crtn.o] ==> ignore
  collapse library dir [/usr/lib/gcc/x86_64-linux-gnu/7.5.0] ==> [/usr/lib/gcc/x86_64-linux-gnu/7.5.0]
  collapse library dir [/usr/lib/gcc/x86_64-linux-gnu/7.5.0/../../../x86_64-linux-gnu] ==> [/usr/lib/x86_64-linux-gnu]
  collapse library dir [/lib/x86_64-linux-gnu] ==> [/lib/x86_64-linux-gnu]
  collapse library dir [/lib/../lib64] ==> [/lib64]
  collapse library dir [/usr/lib/x86_64-linux-gnu] ==> [/usr/lib/x86_64-linux-gnu]
  collapse library dir [/usr/lib/gcc/x86_64-linux-gnu/7.5.0/../../..] ==> [/usr/lib]
  collapse library dir [/opt/qtcreator-4.9.2/libexec/qtcreator/clang/bin/../lib] ==> [/opt/qtcreator-4.9.2/libexec/qtcreator/clang/lib]
  collapse library dir [/lib] ==> [/lib]
  collapse library dir [/usr/lib] ==> [/usr/lib]
  implicit libs: [gcc;gcc_s;c;gcc;gcc_s]
  implicit dirs: [/usr/lib/gcc/x86_64-linux-gnu/7.5.0;/usr/lib/x86_64-linux-gnu;/lib/x86_64-linux-gnu;/lib64;/usr/lib;/opt/qtcreator-4.9.2/libexec/qtcreator/clang/lib;/lib]
  implicit fwks: []




Detecting C [-std=c11] compiler features compiled with the following output:
Change Dir: /home/haiyutan/master-thesis/MonoSLAMAutoCalibration/build/CMakeFiles/CMakeTmp

Run Build Command:"/usr/bin/make" "cmTC_54cf6/fast"
/usr/bin/make -f CMakeFiles/cmTC_54cf6.dir/build.make CMakeFiles/cmTC_54cf6.dir/build
make[1]: 进入目录“/home/haiyutan/master-thesis/MonoSLAMAutoCalibration/build/CMakeFiles/CMakeTmp”
Building C object CMakeFiles/cmTC_54cf6.dir/feature_tests.c.o
/opt/qtcreator-4.9.2/libexec/qtcreator/clang/bin/clang   -std=c11 -o CMakeFiles/cmTC_54cf6.dir/feature_tests.c.o   -c /home/haiyutan/master-thesis/MonoSLAMAutoCalibration/build/CMakeFiles/feature_tests.c
Linking C executable cmTC_54cf6
/usr/bin/cmake -E cmake_link_script CMakeFiles/cmTC_54cf6.dir/link.txt --verbose=1
/opt/qtcreator-4.9.2/libexec/qtcreator/clang/bin/clang      -rdynamic CMakeFiles/cmTC_54cf6.dir/feature_tests.c.o  -o cmTC_54cf6 
make[1]: 离开目录“/home/haiyutan/master-thesis/MonoSLAMAutoCalibration/build/CMakeFiles/CMakeTmp”


    Feature record: C_FEATURE:1c_function_prototypes
    Feature record: C_FEATURE:1c_restrict
    Feature record: C_FEATURE:1c_static_assert
    Feature record: C_FEATURE:1c_variadic_macros


Detecting C [-std=c99] compiler features compiled with the following output:
Change Dir: /home/haiyutan/master-thesis/MonoSLAMAutoCalibration/build/CMakeFiles/CMakeTmp

Run Build Command:"/usr/bin/make" "cmTC_13477/fast"
/usr/bin/make -f CMakeFiles/cmTC_13477.dir/build.make CMakeFiles/cmTC_13477.dir/build
make[1]: 进入目录“/home/haiyutan/master-thesis/MonoSLAMAutoCalibration/build/CMakeFiles/CMakeTmp”
Building C object CMakeFiles/cmTC_13477.dir/feature_tests.c.o
/opt/qtcreator-4.9.2/libexec/qtcreator/clang/bin/clang   -std=c99 -o CMakeFiles/cmTC_13477.dir/feature_tests.c.o   -c /home/haiyutan/master-thesis/MonoSLAMAutoCalibration/build/CMakeFiles/feature_tests.c
Linking C executable cmTC_13477
/usr/bin/cmake -E cmake_link_script CMakeFiles/cmTC_13477.dir/link.txt --verbose=1
/opt/qtcreator-4.9.2/libexec/qtcreator/clang/bin/clang      -rdynamic CMakeFiles/cmTC_13477.dir/feature_tests.c.o  -o cmTC_13477 
make[1]: 离开目录“/home/haiyutan/master-thesis/MonoSLAMAutoCalibration/build/CMakeFiles/CMakeTmp”


    Feature record: C_FEATURE:1c_function_prototypes
    Feature record: C_FEATURE:1c_restrict
    Feature record: C_FEATURE:0c_static_assert
    Feature record: C_FEATURE:1c_variadic_macros


Detecting C [-std=c90] compiler features compiled with the following output:
Change Dir: /home/haiyutan/master-thesis/MonoSLAMAutoCalibration/build/CMakeFiles/CMakeTmp

Run Build Command:"/usr/bin/make" "cmTC_a4e96/fast"
/usr/bin/make -f CMakeFiles/cmTC_a4e96.dir/build.make CMakeFiles/cmTC_a4e96.dir/build
make[1]: 进入目录“/home/haiyutan/master-thesis/MonoSLAMAutoCalibration/build/CMakeFiles/CMakeTmp”
Building C object CMakeFiles/cmTC_a4e96.dir/feature_tests.c.o
/opt/qtcreator-4.9.2/libexec/qtcreator/clang/bin/clang   -std=c90 -o CMakeFiles/cmTC_a4e96.dir/feature_tests.c.o   -c /home/haiyutan/master-thesis/MonoSLAMAutoCalibration/build/CMakeFiles/feature_tests.c
Linking C executable cmTC_a4e96
/usr/bin/cmake -E cmake_link_script CMakeFiles/cmTC_a4e96.dir/link.txt --verbose=1
/opt/qtcreator-4.9.2/libexec/qtcreator/clang/bin/clang      -rdynamic CMakeFiles/cmTC_a4e96.dir/feature_tests.c.o  -o cmTC_a4e96 
make[1]: 离开目录“/home/haiyutan/master-thesis/MonoSLAMAutoCalibration/build/CMakeFiles/CMakeTmp”


    Feature record: C_FEATURE:1c_function_prototypes
    Feature record: C_FEATURE:0c_restrict
    Feature record: C_FEATURE:0c_static_assert
    Feature record: C_FEATURE:0c_variadic_macros
Determining if the CXX compiler works passed with the following output:
Change Dir: /home/haiyutan/master-thesis/MonoSLAMAutoCalibration/build/CMakeFiles/CMakeTmp

Run Build Command:"/usr/bin/make" "cmTC_ffe10/fast"
/usr/bin/make -f CMakeFiles/cmTC_ffe10.dir/build.make CMakeFiles/cmTC_ffe10.dir/build
make[1]: 进入目录“/home/haiyutan/master-thesis/MonoSLAMAutoCalibration/build/CMakeFiles/CMakeTmp”
Building CXX object CMakeFiles/cmTC_ffe10.dir/testCXXCompiler.cxx.o
/opt/qtcreator-4.9.2/libexec/qtcreator/clang/bin/clang     -o CMakeFiles/cmTC_ffe10.dir/testCXXCompiler.cxx.o -c /home/haiyutan/master-thesis/MonoSLAMAutoCalibration/build/CMakeFiles/CMakeTmp/testCXXCompiler.cxx
Linking CXX executable cmTC_ffe10
/usr/bin/cmake -E cmake_link_script CMakeFiles/cmTC_ffe10.dir/link.txt --verbose=1
/opt/qtcreator-4.9.2/libexec/qtcreator/clang/bin/clang       -rdynamic CMakeFiles/cmTC_ffe10.dir/testCXXCompiler.cxx.o  -o cmTC_ffe10 
make[1]: 离开目录“/home/haiyutan/master-thesis/MonoSLAMAutoCalibration/build/CMakeFiles/CMakeTmp”


Detecting CXX compiler ABI info compiled with the following output:
Change Dir: /home/haiyutan/master-thesis/MonoSLAMAutoCalibration/build/CMakeFiles/CMakeTmp

Run Build Command:"/usr/bin/make" "cmTC_b6da4/fast"
/usr/bin/make -f CMakeFiles/cmTC_b6da4.dir/build.make CMakeFiles/cmTC_b6da4.dir/build
make[1]: 进入目录“/home/haiyutan/master-thesis/MonoSLAMAutoCalibration/build/CMakeFiles/CMakeTmp”
Building CXX object CMakeFiles/cmTC_b6da4.dir/CMakeCXXCompilerABI.cpp.o
/opt/qtcreator-4.9.2/libexec/qtcreator/clang/bin/clang     -o CMakeFiles/cmTC_b6da4.dir/CMakeCXXCompilerABI.cpp.o -c /usr/share/cmake-3.10/Modules/CMakeCXXCompilerABI.cpp
Linking CXX executable cmTC_b6da4
/usr/bin/cmake -E cmake_link_script CMakeFiles/cmTC_b6da4.dir/link.txt --verbose=1
/opt/qtcreator-4.9.2/libexec/qtcreator/clang/bin/clang      -v -rdynamic CMakeFiles/cmTC_b6da4.dir/CMakeCXXCompilerABI.cpp.o  -o cmTC_b6da4 
clang version 7.0.0 (git://code.qt.io/clang/clang.git dba0adcfe0fec308a047cca79b1be0b1436f6fad) (git://code.qt.io/clang/llvm.git 4a75f114122a44cb02dc0511f3d9a7c803983da7)
Target: x86_64-unknown-linux-gnu
Thread model: posix
InstalledDir: /opt/qtcreator-4.9.2/libexec/qtcreator/clang/bin
Found candidate GCC installation: /usr/lib/gcc/i686-linux-gnu/8
Found candidate GCC installation: /usr/lib/gcc/x86_64-linux-gnu/4.8
Found candidate GCC installation: /usr/lib/gcc/x86_64-linux-gnu/4.8.5
Found candidate GCC installation: /usr/lib/gcc/x86_64-linux-gnu/7
Found candidate GCC installation: /usr/lib/gcc/x86_64-linux-gnu/7.5.0
Found candidate GCC installation: /usr/lib/gcc/x86_64-linux-gnu/8
Selected GCC installation: /usr/lib/gcc/x86_64-linux-gnu/7.5.0
Candidate multilib: .;@m64
Selected multilib: .;@m64
Found CUDA installation: /usr/local/cuda, version 9.0
 "/usr/bin/ld" -export-dynamic -z relro --hash-style=gnu --eh-frame-hdr -m elf_x86_64 -export-dynamic -dynamic-linker /lib64/ld-linux-x86-64.so.2 -o cmTC_b6da4 /usr/lib/gcc/x86_64-linux-gnu/7.5.0/../../../x86_64-linux-gnu/crt1.o /usr/lib/gcc/x86_64-linux-gnu/7.5.0/../../../x86_64-linux-gnu/crti.o /usr/lib/gcc/x86_64-linux-gnu/7.5.0/crtbegin.o -L/usr/lib/gcc/x86_64-linux-gnu/7.5.0 -L/usr/lib/gcc/x86_64-linux-gnu/7.5.0/../../../x86_64-linux-gnu -L/lib/x86_64-linux-gnu -L/lib/../lib64 -L/usr/lib/x86_64-linux-gnu -L/usr/lib/gcc/x86_64-linux-gnu/7.5.0/../../.. -L/opt/qtcreator-4.9.2/libexec/qtcreator/clang/bin/../lib -L/lib -L/usr/lib CMakeFiles/cmTC_b6da4.dir/CMakeCXXCompilerABI.cpp.o -lgcc --as-needed -lgcc_s --no-as-needed -lc -lgcc --as-needed -lgcc_s --no-as-needed /usr/lib/gcc/x86_64-linux-gnu/7.5.0/crtend.o /usr/lib/gcc/x86_64-linux-gnu/7.5.0/../../../x86_64-linux-gnu/crtn.o
make[1]: 离开目录“/home/haiyutan/master-thesis/MonoSLAMAutoCalibration/build/CMakeFiles/CMakeTmp”


Parsed CXX implicit link information from above output:
  link line regex: [^( *|.*[/\])(ld|CMAKE_LINK_STARTFILE-NOTFOUND|([^/\]+-)?ld|collect2)[^/\]*( |$)]
  ignore line: [Change Dir: /home/haiyutan/master-thesis/MonoSLAMAutoCalibration/build/CMakeFiles/CMakeTmp]
  ignore line: []
  ignore line: [Run Build Command:"/usr/bin/make" "cmTC_b6da4/fast"]
  ignore line: [/usr/bin/make -f CMakeFiles/cmTC_b6da4.dir/build.make CMakeFiles/cmTC_b6da4.dir/build]
  ignore line: [make[1]: 进入目录“/home/haiyutan/master-thesis/MonoSLAMAutoCalibration/build/CMakeFiles/CMakeTmp”]
  ignore line: [Building CXX object CMakeFiles/cmTC_b6da4.dir/CMakeCXXCompilerABI.cpp.o]
  ignore line: [/opt/qtcreator-4.9.2/libexec/qtcreator/clang/bin/clang     -o CMakeFiles/cmTC_b6da4.dir/CMakeCXXCompilerABI.cpp.o -c /usr/share/cmake-3.10/Modules/CMakeCXXCompilerABI.cpp]
  ignore line: [Linking CXX executable cmTC_b6da4]
  ignore line: [/usr/bin/cmake -E cmake_link_script CMakeFiles/cmTC_b6da4.dir/link.txt --verbose=1]
  ignore line: [/opt/qtcreator-4.9.2/libexec/qtcreator/clang/bin/clang      -v -rdynamic CMakeFiles/cmTC_b6da4.dir/CMakeCXXCompilerABI.cpp.o  -o cmTC_b6da4 ]
  ignore line: [clang version 7.0.0 (git://code.qt.io/clang/clang.git dba0adcfe0fec308a047cca79b1be0b1436f6fad) (git://code.qt.io/clang/llvm.git 4a75f114122a44cb02dc0511f3d9a7c803983da7)]
  ignore line: [Target: x86_64-unknown-linux-gnu]
  ignore line: [Thread model: posix]
  ignore line: [InstalledDir: /opt/qtcreator-4.9.2/libexec/qtcreator/clang/bin]
  ignore line: [Found candidate GCC installation: /usr/lib/gcc/i686-linux-gnu/8]
  ignore line: [Found candidate GCC installation: /usr/lib/gcc/x86_64-linux-gnu/4.8]
  ignore line: [Found candidate GCC installation: /usr/lib/gcc/x86_64-linux-gnu/4.8.5]
  ignore line: [Found candidate GCC installation: /usr/lib/gcc/x86_64-linux-gnu/7]
  ignore line: [Found candidate GCC installation: /usr/lib/gcc/x86_64-linux-gnu/7.5.0]
  ignore line: [Found candidate GCC installation: /usr/lib/gcc/x86_64-linux-gnu/8]
  ignore line: [Selected GCC installation: /usr/lib/gcc/x86_64-linux-gnu/7.5.0]
  ignore line: [Candidate multilib: .]
  ignore line: [@m64]
  ignore line: [Selected multilib: .]
  ignore line: [@m64]
  ignore line: [Found CUDA installation: /usr/local/cuda, version 9.0]
  link line: [ "/usr/bin/ld" -export-dynamic -z relro --hash-style=gnu --eh-frame-hdr -m elf_x86_64 -export-dynamic -dynamic-linker /lib64/ld-linux-x86-64.so.2 -o cmTC_b6da4 /usr/lib/gcc/x86_64-linux-gnu/7.5.0/../../../x86_64-linux-gnu/crt1.o /usr/lib/gcc/x86_64-linux-gnu/7.5.0/../../../x86_64-linux-gnu/crti.o /usr/lib/gcc/x86_64-linux-gnu/7.5.0/crtbegin.o -L/usr/lib/gcc/x86_64-linux-gnu/7.5.0 -L/usr/lib/gcc/x86_64-linux-gnu/7.5.0/../../../x86_64-linux-gnu -L/lib/x86_64-linux-gnu -L/lib/../lib64 -L/usr/lib/x86_64-linux-gnu -L/usr/lib/gcc/x86_64-linux-gnu/7.5.0/../../.. -L/opt/qtcreator-4.9.2/libexec/qtcreator/clang/bin/../lib -L/lib -L/usr/lib CMakeFiles/cmTC_b6da4.dir/CMakeCXXCompilerABI.cpp.o -lgcc --as-needed -lgcc_s --no-as-needed -lc -lgcc --as-needed -lgcc_s --no-as-needed /usr/lib/gcc/x86_64-linux-gnu/7.5.0/crtend.o /usr/lib/gcc/x86_64-linux-gnu/7.5.0/../../../x86_64-linux-gnu/crtn.o]
    arg [/usr/bin/ld] ==> ignore
    arg [-export-dynamic] ==> ignore
    arg [-zrelro] ==> ignore
    arg [--hash-style=gnu] ==> ignore
    arg [--eh-frame-hdr] ==> ignore
    arg [-m] ==> ignore
    arg [elf_x86_64] ==> ignore
    arg [-export-dynamic] ==> ignore
    arg [-dynamic-linker] ==> ignore
    arg [/lib64/ld-linux-x86-64.so.2] ==> ignore
    arg [-o] ==> ignore
    arg [cmTC_b6da4] ==> ignore
    arg [/usr/lib/gcc/x86_64-linux-gnu/7.5.0/../../../x86_64-linux-gnu/crt1.o] ==> ignore
    arg [/usr/lib/gcc/x86_64-linux-gnu/7.5.0/../../../x86_64-linux-gnu/crti.o] ==> ignore
    arg [/usr/lib/gcc/x86_64-linux-gnu/7.5.0/crtbegin.o] ==> ignore
    arg [-L/usr/lib/gcc/x86_64-linux-gnu/7.5.0] ==> dir [/usr/lib/gcc/x86_64-linux-gnu/7.5.0]
    arg [-L/usr/lib/gcc/x86_64-linux-gnu/7.5.0/../../../x86_64-linux-gnu] ==> dir [/usr/lib/gcc/x86_64-linux-gnu/7.5.0/../../../x86_64-linux-gnu]
    arg [-L/lib/x86_64-linux-gnu] ==> dir [/lib/x86_64-linux-gnu]
    arg [-L/lib/../lib64] ==> dir [/lib/../lib64]
    arg [-L/usr/lib/x86_64-linux-gnu] ==> dir [/usr/lib/x86_64-linux-gnu]
    arg [-L/usr/lib/gcc/x86_64-linux-gnu/7.5.0/../../..] ==> dir [/usr/lib/gcc/x86_64-linux-gnu/7.5.0/../../..]
    arg [-L/opt/qtcreator-4.9.2/libexec/qtcreator/clang/bin/../lib] ==> dir [/opt/qtcreator-4.9.2/libexec/qtcreator/clang/bin/../lib]
    arg [-L/lib] ==> dir [/lib]
    arg [-L/usr/lib] ==> dir [/usr/lib]
    arg [CMakeFiles/cmTC_b6da4.dir/CMakeCXXCompilerABI.cpp.o] ==> ignore
    arg [-lgcc] ==> lib [gcc]
    arg [--as-needed] ==> ignore
    arg [-lgcc_s] ==> lib [gcc_s]
    arg [--no-as-needed] ==> ignore
    arg [-lc] ==> lib [c]
    arg [-lgcc] ==> lib [gcc]
    arg [--as-needed] ==> ignore
    arg [-lgcc_s] ==> lib [gcc_s]
    arg [--no-as-needed] ==> ignore
    arg [/usr/lib/gcc/x86_64-linux-gnu/7.5.0/crtend.o] ==> ignore
    arg [/usr/lib/gcc/x86_64-linux-gnu/7.5.0/../../../x86_64-linux-gnu/crtn.o] ==> ignore
  collapse library dir [/usr/lib/gcc/x86_64-linux-gnu/7.5.0] ==> [/usr/lib/gcc/x86_64-linux-gnu/7.5.0]
  collapse library dir [/usr/lib/gcc/x86_64-linux-gnu/7.5.0/../../../x86_64-linux-gnu] ==> [/usr/lib/x86_64-linux-gnu]
  collapse library dir [/lib/x86_64-linux-gnu] ==> [/lib/x86_64-linux-gnu]
  collapse library dir [/lib/../lib64] ==> [/lib64]
  collapse library dir [/usr/lib/x86_64-linux-gnu] ==> [/usr/lib/x86_64-linux-gnu]
  collapse library dir [/usr/lib/gcc/x86_64-linux-gnu/7.5.0/../../..] ==> [/usr/lib]
  collapse library dir [/opt/qtcreator-4.9.2/libexec/qtcreator/clang/bin/../lib] ==> [/opt/qtcreator-4.9.2/libexec/qtcreator/clang/lib]
  collapse library dir [/lib] ==> [/lib]
  collapse library dir [/usr/lib] ==> [/usr/lib]
  implicit libs: [gcc;gcc_s;c;gcc;gcc_s]
  implicit dirs: [/usr/lib/gcc/x86_64-linux-gnu/7.5.0;/usr/lib/x86_64-linux-gnu;/lib/x86_64-linux-gnu;/lib64;/usr/lib;/opt/qtcreator-4.9.2/libexec/qtcreator/clang/lib;/lib]
  implicit fwks: []




Detecting CXX [-std=c++1z] compiler features compiled with the following output:
Change Dir: /home/haiyutan/master-thesis/MonoSLAMAutoCalibration/build/CMakeFiles/CMakeTmp

Run Build Command:"/usr/bin/make" "cmTC_b6496/fast"
/usr/bin/make -f CMakeFiles/cmTC_b6496.dir/build.make CMakeFiles/cmTC_b6496.dir/build
make[1]: 进入目录“/home/haiyutan/master-thesis/MonoSLAMAutoCalibration/build/CMakeFiles/CMakeTmp”
Building CXX object CMakeFiles/cmTC_b6496.dir/feature_tests.cxx.o
/opt/qtcreator-4.9.2/libexec/qtcreator/clang/bin/clang    -std=c++1z -o CMakeFiles/cmTC_b6496.dir/feature_tests.cxx.o -c /home/haiyutan/master-thesis/MonoSLAMAutoCalibration/build/CMakeFiles/feature_tests.cxx
Linking CXX executable cmTC_b6496
/usr/bin/cmake -E cmake_link_script CMakeFiles/cmTC_b6496.dir/link.txt --verbose=1
/opt/qtcreator-4.9.2/libexec/qtcreator/clang/bin/clang       -rdynamic CMakeFiles/cmTC_b6496.dir/feature_tests.cxx.o  -o cmTC_b6496 
make[1]: 离开目录“/home/haiyutan/master-thesis/MonoSLAMAutoCalibration/build/CMakeFiles/CMakeTmp”


    Feature record: CXX_FEATURE:1cxx_aggregate_default_initializers
    Feature record: CXX_FEATURE:1cxx_alias_templates
    Feature record: CXX_FEATURE:1cxx_alignas
    Feature record: CXX_FEATURE:1cxx_alignof
    Feature record: CXX_FEATURE:1cxx_attributes
    Feature record: CXX_FEATURE:1cxx_attribute_deprecated
    Feature record: CXX_FEATURE:1cxx_auto_type
    Feature record: CXX_FEATURE:1cxx_binary_literals
    Feature record: CXX_FEATURE:1cxx_constexpr
    Feature record: CXX_FEATURE:1cxx_contextual_conversions
    Feature record: CXX_FEATURE:1cxx_decltype
    Feature record: CXX_FEATURE:1cxx_decltype_auto
    Feature record: CXX_FEATURE:1cxx_decltype_incomplete_return_types
    Feature record: CXX_FEATURE:1cxx_default_function_template_args
    Feature record: CXX_FEATURE:1cxx_defaulted_functions
    Feature record: CXX_FEATURE:1cxx_defaulted_move_initializers
    Feature record: CXX_FEATURE:1cxx_delegating_constructors
    Feature record: CXX_FEATURE:1cxx_deleted_functions
    Feature record: CXX_FEATURE:1cxx_digit_separators
    Feature record: CXX_FEATURE:1cxx_enum_forward_declarations
    Feature record: CXX_FEATURE:1cxx_explicit_conversions
    Feature record: CXX_FEATURE:1cxx_extended_friend_declarations
    Feature record: CXX_FEATURE:1cxx_extern_templates
    Feature record: CXX_FEATURE:1cxx_final
    Feature record: CXX_FEATURE:1cxx_func_identifier
    Feature record: CXX_FEATURE:1cxx_generalized_initializers
    Feature record: CXX_FEATURE:1cxx_generic_lambdas
    Feature record: CXX_FEATURE:1cxx_inheriting_constructors
    Feature record: CXX_FEATURE:1cxx_inline_namespaces
    Feature record: CXX_FEATURE:1cxx_lambdas
    Feature record: CXX_FEATURE:1cxx_lambda_init_captures
    Feature record: CXX_FEATURE:1cxx_local_type_template_args
    Feature record: CXX_FEATURE:1cxx_long_long_type
    Feature record: CXX_FEATURE:1cxx_noexcept
    Feature record: CXX_FEATURE:1cxx_nonstatic_member_init
    Feature record: CXX_FEATURE:1cxx_nullptr
    Feature record: CXX_FEATURE:1cxx_override
    Feature record: CXX_FEATURE:1cxx_range_for
    Feature record: CXX_FEATURE:1cxx_raw_string_literals
    Feature record: CXX_FEATURE:1cxx_reference_qualified_functions
    Feature record: CXX_FEATURE:1cxx_relaxed_constexpr
    Feature record: CXX_FEATURE:1cxx_return_type_deduction
    Feature record: CXX_FEATURE:1cxx_right_angle_brackets
    Feature record: CXX_FEATURE:1cxx_rvalue_references
    Feature record: CXX_FEATURE:1cxx_sizeof_member
    Feature record: CXX_FEATURE:1cxx_static_assert
    Feature record: CXX_FEATURE:1cxx_strong_enums
    Feature record: CXX_FEATURE:1cxx_template_template_parameters
    Feature record: CXX_FEATURE:1cxx_thread_local
    Feature record: CXX_FEATURE:1cxx_trailing_return_types
    Feature record: CXX_FEATURE:1cxx_unicode_literals
    Feature record: CXX_FEATURE:1cxx_uniform_initialization
    Feature record: CXX_FEATURE:1cxx_unrestricted_unions
    Feature record: CXX_FEATURE:1cxx_user_literals
    Feature record: CXX_FEATURE:1cxx_variable_templates
    Feature record: CXX_FEATURE:1cxx_variadic_macros
    Feature record: CXX_FEATURE:1cxx_variadic_templates


Detecting CXX [-std=c++14] compiler features compiled with the following output:
Change Dir: /home/haiyutan/master-thesis/MonoSLAMAutoCalibration/build/CMakeFiles/CMakeTmp

Run Build Command:"/usr/bin/make" "cmTC_a45d2/fast"
/usr/bin/make -f CMakeFiles/cmTC_a45d2.dir/build.make CMakeFiles/cmTC_a45d2.dir/build
make[1]: 进入目录“/home/haiyutan/master-thesis/MonoSLAMAutoCalibration/build/CMakeFiles/CMakeTmp”
Building CXX object CMakeFiles/cmTC_a45d2.dir/feature_tests.cxx.o
/opt/qtcreator-4.9.2/libexec/qtcreator/clang/bin/clang    -std=c++14 -o CMakeFiles/cmTC_a45d2.dir/feature_tests.cxx.o -c /home/haiyutan/master-thesis/MonoSLAMAutoCalibration/build/CMakeFiles/feature_tests.cxx
Linking CXX executable cmTC_a45d2
/usr/bin/cmake -E cmake_link_script CMakeFiles/cmTC_a45d2.dir/link.txt --verbose=1
/opt/qtcreator-4.9.2/libexec/qtcreator/clang/bin/clang       -rdynamic CMakeFiles/cmTC_a45d2.dir/feature_tests.cxx.o  -o cmTC_a45d2 
make[1]: 离开目录“/home/haiyutan/master-thesis/MonoSLAMAutoCalibration/build/CMakeFiles/CMakeTmp”


    Feature record: CXX_FEATURE:1cxx_aggregate_default_initializers
    Feature record: CXX_FEATURE:1cxx_alias_templates
    Feature record: CXX_FEATURE:1cxx_alignas
    Feature record: CXX_FEATURE:1cxx_alignof
    Feature record: CXX_FEATURE:1cxx_attributes
    Feature record: CXX_FEATURE:1cxx_attribute_deprecated
    Feature record: CXX_FEATURE:1cxx_auto_type
    Feature record: CXX_FEATURE:1cxx_binary_literals
    Feature record: CXX_FEATURE:1cxx_constexpr
    Feature record: CXX_FEATURE:1cxx_contextual_conversions
    Feature record: CXX_FEATURE:1cxx_decltype
    Feature record: CXX_FEATURE:1cxx_decltype_auto
    Feature record: CXX_FEATURE:1cxx_decltype_incomplete_return_types
    Feature record: CXX_FEATURE:1cxx_default_function_template_args
    Feature record: CXX_FEATURE:1cxx_defaulted_functions
    Feature record: CXX_FEATURE:1cxx_defaulted_move_initializers
    Feature record: CXX_FEATURE:1cxx_delegating_constructors
    Feature record: CXX_FEATURE:1cxx_deleted_functions
    Feature record: CXX_FEATURE:1cxx_digit_separators
    Feature record: CXX_FEATURE:1cxx_enum_forward_declarations
    Feature record: CXX_FEATURE:1cxx_explicit_conversions
    Feature record: CXX_FEATURE:1cxx_extended_friend_declarations
    Feature record: CXX_FEATURE:1cxx_extern_templates
    Feature record: CXX_FEATURE:1cxx_final
    Feature record: CXX_FEATURE:1cxx_func_identifier
    Feature record: CXX_FEATURE:1cxx_generalized_initializers
    Feature record: CXX_FEATURE:1cxx_generic_lambdas
    Feature record: CXX_FEATURE:1cxx_inheriting_constructors
    Feature record: CXX_FEATURE:1cxx_inline_namespaces
    Feature record: CXX_FEATURE:1cxx_lambdas
    Feature record: CXX_FEATURE:1cxx_lambda_init_captures
    Feature record: CXX_FEATURE:1cxx_local_type_template_args
    Feature record: CXX_FEATURE:1cxx_long_long_type
    Feature record: CXX_FEATURE:1cxx_noexcept
    Feature record: CXX_FEATURE:1cxx_nonstatic_member_init
    Feature record: CXX_FEATURE:1cxx_nullptr
    Feature record: CXX_FEATURE:1cxx_override
    Feature record: CXX_FEATURE:1cxx_range_for
    Feature record: CXX_FEATURE:1cxx_raw_string_literals
    Feature record: CXX_FEATURE:1cxx_reference_qualified_functions
    Feature record: CXX_FEATURE:1cxx_relaxed_constexpr
    Feature record: CXX_FEATURE:1cxx_return_type_deduction
    Feature record: CXX_FEATURE:1cxx_right_angle_brackets
    Feature record: CXX_FEATURE:1cxx_rvalue_references
    Feature record: CXX_FEATURE:1cxx_sizeof_member
    Feature record: CXX_FEATURE:1cxx_static_assert
    Feature record: CXX_FEATURE:1cxx_strong_enums
    Feature record: CXX_FEATURE:1cxx_template_template_parameters
    Feature record: CXX_FEATURE:1cxx_thread_local
    Feature record: CXX_FEATURE:1cxx_trailing_return_types
    Feature record: CXX_FEATURE:1cxx_unicode_literals
    Feature record: CXX_FEATURE:1cxx_uniform_initialization
    Feature record: CXX_FEATURE:1cxx_unrestricted_unions
    Feature record: CXX_FEATURE:1cxx_user_literals
    Feature record: CXX_FEATURE:1cxx_variable_templates
    Feature record: CXX_FEATURE:1cxx_variadic_macros
    Feature record: CXX_FEATURE:1cxx_variadic_templates


Detecting CXX [-std=c++11] compiler features compiled with the following output:
Change Dir: /home/haiyutan/master-thesis/MonoSLAMAutoCalibration/build/CMakeFiles/CMakeTmp

Run Build Command:"/usr/bin/make" "cmTC_1ac3d/fast"
/usr/bin/make -f CMakeFiles/cmTC_1ac3d.dir/build.make CMakeFiles/cmTC_1ac3d.dir/build
make[1]: 进入目录“/home/haiyutan/master-thesis/MonoSLAMAutoCalibration/build/CMakeFiles/CMakeTmp”
Building CXX object CMakeFiles/cmTC_1ac3d.dir/feature_tests.cxx.o
/opt/qtcreator-4.9.2/libexec/qtcreator/clang/bin/clang    -std=c++11 -o CMakeFiles/cmTC_1ac3d.dir/feature_tests.cxx.o -c /home/haiyutan/master-thesis/MonoSLAMAutoCalibration/build/CMakeFiles/feature_tests.cxx
Linking CXX executable cmTC_1ac3d
/usr/bin/cmake -E cmake_link_script CMakeFiles/cmTC_1ac3d.dir/link.txt --verbose=1
/opt/qtcreator-4.9.2/libexec/qtcreator/clang/bin/clang       -rdynamic CMakeFiles/cmTC_1ac3d.dir/feature_tests.cxx.o  -o cmTC_1ac3d 
make[1]: 离开目录“/home/haiyutan/master-thesis/MonoSLAMAutoCalibration/build/CMakeFiles/CMakeTmp”


    Feature record: CXX_FEATURE:0cxx_aggregate_default_initializers
    Feature record: CXX_FEATURE:1cxx_alias_templates
    Feature record: CXX_FEATURE:1cxx_alignas
    Feature record: CXX_FEATURE:1cxx_alignof
    Feature record: CXX_FEATURE:1cxx_attributes
    Feature record: CXX_FEATURE:0cxx_attribute_deprecated
    Feature record: CXX_FEATURE:1cxx_auto_type
    Feature record: CXX_FEATURE:0cxx_binary_literals
    Feature record: CXX_FEATURE:1cxx_constexpr
    Feature record: CXX_FEATURE:0cxx_contextual_conversions
    Feature record: CXX_FEATURE:1cxx_decltype
    Feature record: CXX_FEATURE:0cxx_decltype_auto
    Feature record: CXX_FEATURE:1cxx_decltype_incomplete_return_types
    Feature record: CXX_FEATURE:1cxx_default_function_template_args
    Feature record: CXX_FEATURE:1cxx_defaulted_functions
    Feature record: CXX_FEATURE:1cxx_defaulted_move_initializers
    Feature record: CXX_FEATURE:1cxx_delegating_constructors
    Feature record: CXX_FEATURE:1cxx_deleted_functions
    Feature record: CXX_FEATURE:0cxx_digit_separators
    Feature record: CXX_FEATURE:1cxx_enum_forward_declarations
    Feature record: CXX_FEATURE:1cxx_explicit_conversions
    Feature record: CXX_FEATURE:1cxx_extended_friend_declarations
    Feature record: CXX_FEATURE:1cxx_extern_templates
    Feature record: CXX_FEATURE:1cxx_final
    Feature record: CXX_FEATURE:1cxx_func_identifier
    Feature record: CXX_FEATURE:1cxx_generalized_initializers
    Feature record: CXX_FEATURE:0cxx_generic_lambdas
    Feature record: CXX_FEATURE:1cxx_inheriting_constructors
    Feature record: CXX_FEATURE:1cxx_inline_namespaces
    Feature record: CXX_FEATURE:1cxx_lambdas
    Feature record: CXX_FEATURE:0cxx_lambda_init_captures
    Feature record: CXX_FEATURE:1cxx_local_type_template_args
    Feature record: CXX_FEATURE:1cxx_long_long_type
    Feature record: CXX_FEATURE:1cxx_noexcept
    Feature record: CXX_FEATURE:1cxx_nonstatic_member_init
    Feature record: CXX_FEATURE:1cxx_nullptr
    Feature record: CXX_FEATURE:1cxx_override
    Feature record: CXX_FEATURE:1cxx_range_for
    Feature record: CXX_FEATURE:1cxx_raw_string_literals
    Feature record: CXX_FEATURE:1cxx_reference_qualified_functions
    Feature record: CXX_FEATURE:0cxx_relaxed_constexpr
    Feature record: CXX_FEATURE:0cxx_return_type_deduction
    Feature record: CXX_FEATURE:1cxx_right_angle_brackets
    Feature record: CXX_FEATURE:1cxx_rvalue_references
    Feature record: CXX_FEATURE:1cxx_sizeof_member
    Feature record: CXX_FEATURE:1cxx_static_assert
    Feature record: CXX_FEATURE:1cxx_strong_enums
    Feature record: CXX_FEATURE:1cxx_template_template_parameters
    Feature record: CXX_FEATURE:1cxx_thread_local
    Feature record: CXX_FEATURE:1cxx_trailing_return_types
    Feature record: CXX_FEATURE:1cxx_unicode_literals
    Feature record: CXX_FEATURE:1cxx_uniform_initialization
    Feature record: CXX_FEATURE:1cxx_unrestricted_unions
    Feature record: CXX_FEATURE:1cxx_user_literals
    Feature record: CXX_FEATURE:0cxx_variable_templates
    Feature record: CXX_FEATURE:1cxx_variadic_macros
    Feature record: CXX_FEATURE:1cxx_variadic_templates


Detecting CXX [-std=c++98] compiler features compiled with the following output:
Change Dir: /home/haiyutan/master-thesis/MonoSLAMAutoCalibration/build/CMakeFiles/CMakeTmp

Run Build Command:"/usr/bin/make" "cmTC_51cbb/fast"
/usr/bin/make -f CMakeFiles/cmTC_51cbb.dir/build.make CMakeFiles/cmTC_51cbb.dir/build
make[1]: 进入目录“/home/haiyutan/master-thesis/MonoSLAMAutoCalibration/build/CMakeFiles/CMakeTmp”
Building CXX object CMakeFiles/cmTC_51cbb.dir/feature_tests.cxx.o
/opt/qtcreator-4.9.2/libexec/qtcreator/clang/bin/clang    -std=c++98 -o CMakeFiles/cmTC_51cbb.dir/feature_tests.cxx.o -c /home/haiyutan/master-thesis/MonoSLAMAutoCalibration/build/CMakeFiles/feature_tests.cxx
Linking CXX executable cmTC_51cbb
/usr/bin/cmake -E cmake_link_script CMakeFiles/cmTC_51cbb.dir/link.txt --verbose=1
/opt/qtcreator-4.9.2/libexec/qtcreator/clang/bin/clang       -rdynamic CMakeFiles/cmTC_51cbb.dir/feature_tests.cxx.o  -o cmTC_51cbb 
make[1]: 离开目录“/home/haiyutan/master-thesis/MonoSLAMAutoCalibration/build/CMakeFiles/CMakeTmp”


    Feature record: CXX_FEATURE:0cxx_aggregate_default_initializers
    Feature record: CXX_FEATURE:0cxx_alias_templates
    Feature record: CXX_FEATURE:0cxx_alignas
    Feature record: CXX_FEATURE:0cxx_alignof
    Feature record: CXX_FEATURE:0cxx_attributes
    Feature record: CXX_FEATURE:0cxx_attribute_deprecated
    Feature record: CXX_FEATURE:0cxx_auto_type
    Feature record: CXX_FEATURE:0cxx_binary_literals
    Feature record: CXX_FEATURE:0cxx_constexpr
    Feature record: CXX_FEATURE:0cxx_contextual_conversions
    Feature record: CXX_FEATURE:0cxx_decltype
    Feature record: CXX_FEATURE:0cxx_decltype_auto
    Feature record: CXX_FEATURE:0cxx_decltype_incomplete_return_types
    Feature record: CXX_FEATURE:0cxx_default_function_template_args
    Feature record: CXX_FEATURE:0cxx_defaulted_functions
    Feature record: CXX_FEATURE:0cxx_defaulted_move_initializers
    Feature record: CXX_FEATURE:0cxx_delegating_constructors
    Feature record: CXX_FEATURE:0cxx_deleted_functions
    Feature record: CXX_FEATURE:0cxx_digit_separators
    Feature record: CXX_FEATURE:0cxx_enum_forward_declarations
    Feature record: CXX_FEATURE:0cxx_explicit_conversions
    Feature record: CXX_FEATURE:0cxx_extended_friend_declarations
    Feature record: CXX_FEATURE:0cxx_extern_templates
    Feature record: CXX_FEATURE:0cxx_final
    Feature record: CXX_FEATURE:0cxx_func_identifier
    Feature record: CXX_FEATURE:0cxx_generalized_initializers
    Feature record: CXX_FEATURE:0cxx_generic_lambdas
    Feature record: CXX_FEATURE:0cxx_inheriting_constructors
    Feature record: CXX_FEATURE:0cxx_inline_namespaces
    Feature record: CXX_FEATURE:0cxx_lambdas
    Feature record: CXX_FEATURE:0cxx_lambda_init_captures
    Feature record: CXX_FEATURE:0cxx_local_type_template_args
    Feature record: CXX_FEATURE:0cxx_long_long_type
    Feature record: CXX_FEATURE:0cxx_noexcept
    Feature record: CXX_FEATURE:0cxx_nonstatic_member_init
    Feature record: CXX_FEATURE:0cxx_nullptr
    Feature record: CXX_FEATURE:0cxx_override
    Feature record: CXX_FEATURE:0cxx_range_for
    Feature record: CXX_FEATURE:0cxx_raw_string_literals
    Feature record: CXX_FEATURE:0cxx_reference_qualified_functions
    Feature record: CXX_FEATURE:0cxx_relaxed_constexpr
    Feature record: CXX_FEATURE:0cxx_return_type_deduction
    Feature record: CXX_FEATURE:0cxx_right_angle_brackets
    Feature record: CXX_FEATURE:0cxx_rvalue_references
    Feature record: CXX_FEATURE:0cxx_sizeof_member
    Feature record: CXX_FEATURE:0cxx_static_assert
    Feature record: CXX_FEATURE:0cxx_strong_enums
    Feature record: CXX_FEATURE:1cxx_template_template_parameters
    Feature record: CXX_FEATURE:0cxx_thread_local
    Feature record: CXX_FEATURE:0cxx_trailing_return_types
    Feature record: CXX_FEATURE:0cxx_unicode_literals
    Feature record: CXX_FEATURE:0cxx_uniform_initialization
    Feature record: CXX_FEATURE:0cxx_unrestricted_unions
    Feature record: CXX_FEATURE:0cxx_user_literals
    Feature record: CXX_FEATURE:0cxx_variable_templates
    Feature record: CXX_FEATURE:0cxx_variadic_macros
    Feature record: CXX_FEATURE:0cxx_variadic_templates
Determining if the include file pthread.h exists passed with the following output:
Change Dir: /home/haiyutan/master-thesis/MonoSLAMAutoCalibration/build/CMakeFiles/CMakeTmp

Run Build Command:"/usr/bin/make" "cmTC_1a4a0/fast"
/usr/bin/make -f CMakeFiles/cmTC_1a4a0.dir/build.make CMakeFiles/cmTC_1a4a0.dir/build
make[1]: 进入目录“/home/haiyutan/master-thesis/MonoSLAMAutoCalibration/build/CMakeFiles/CMakeTmp”
Building C object CMakeFiles/cmTC_1a4a0.dir/CheckIncludeFile.c.o
/opt/qtcreator-4.9.2/libexec/qtcreator/clang/bin/clang    -o CMakeFiles/cmTC_1a4a0.dir/CheckIncludeFile.c.o   -c /home/haiyutan/master-thesis/MonoSLAMAutoCalibration/build/CMakeFiles/CMakeTmp/CheckIncludeFile.c
Linking C executable cmTC_1a4a0
/usr/bin/cmake -E cmake_link_script CMakeFiles/cmTC_1a4a0.dir/link.txt --verbose=1
/opt/qtcreator-4.9.2/libexec/qtcreator/clang/bin/clang      -rdynamic CMakeFiles/cmTC_1a4a0.dir/CheckIncludeFile.c.o  -o cmTC_1a4a0 
make[1]: 离开目录“/home/haiyutan/master-thesis/MonoSLAMAutoCalibration/build/CMakeFiles/CMakeTmp”


Determining if the function pthread_create exists in the pthread passed with the following output:
Change Dir: /home/haiyutan/master-thesis/MonoSLAMAutoCalibration/build/CMakeFiles/CMakeTmp

Run Build Command:"/usr/bin/make" "cmTC_27927/fast"
/usr/bin/make -f CMakeFiles/cmTC_27927.dir/build.make CMakeFiles/cmTC_27927.dir/build
make[1]: 进入目录“/home/haiyutan/master-thesis/MonoSLAMAutoCalibration/build/CMakeFiles/CMakeTmp”
Building C object CMakeFiles/cmTC_27927.dir/CheckFunctionExists.c.o
/opt/qtcreator-4.9.2/libexec/qtcreator/clang/bin/clang   -DCHECK_FUNCTION_EXISTS=pthread_create   -o CMakeFiles/cmTC_27927.dir/CheckFunctionExists.c.o   -c /usr/share/cmake-3.10/Modules/CheckFunctionExists.c
Linking C executable cmTC_27927
/usr/bin/cmake -E cmake_link_script CMakeFiles/cmTC_27927.dir/link.txt --verbose=1
/opt/qtcreator-4.9.2/libexec/qtcreator/clang/bin/clang  -DCHECK_FUNCTION_EXISTS=pthread_create    -rdynamic CMakeFiles/cmTC_27927.dir/CheckFunctionExists.c.o  -o cmTC_27927 -lpthread 
make[1]: 离开目录“/home/haiyutan/master-thesis/MonoSLAMAutoCalibration/build/CMakeFiles/CMakeTmp”


